<?xml version="1.0" encoding="UTF-8"?>
<testng-results ignored="0" total="2" passed="2" failed="0" skipped="0">
  <reporter-output>
  </reporter-output>
  <suite started-at="2024-06-21T12:18:23 IST" name="Default suite" finished-at="2024-06-21T12:18:55 IST" duration-ms="32183">
    <groups>
    </groups>
    <test started-at="2024-06-21T12:18:23 IST" name="Default test" finished-at="2024-06-21T12:18:55 IST" duration-ms="32183">
      <class name="starAirBooks.StarAirBooks">
        <test-method is-config="true" signature="setupDriver()[pri:0, instance:starAirBooks.StarAirBooks@2034b64c]" started-at="2024-06-21T12:18:23 IST" name="setupDriver" finished-at="2024-06-21T12:18:24 IST" duration-ms="1661" status="PASS">
          <reporter-output>
          </reporter-output>
        </test-method> <!-- setupDriver -->
        <test-method signature="toLaunch()[pri:1, instance:starAirBooks.StarAirBooks@2034b64c]" started-at="2024-06-21T12:18:24 IST" name="toLaunch" finished-at="2024-06-21T12:18:25 IST" duration-ms="997" status="PASS">
          <reporter-output>
          </reporter-output>
        </test-method> <!-- toLaunch -->
        <test-method signature="toCustomTaxInvoice()[pri:2, instance:starAirBooks.StarAirBooks@2034b64c]" started-at="2024-06-21T12:18:25 IST" name="toCustomTaxInvoice" finished-at="2024-06-21T12:18:55 IST" duration-ms="29180" status="PASS">
          <reporter-output>
          </reporter-output>
        </test-method> <!-- toCustomTaxInvoice -->
        <test-method is-config="true" signature="teardownDriver()[pri:0, instance:starAirBooks.StarAirBooks@2034b64c]" started-at="2024-06-21T12:18:55 IST" name="teardownDriver" finished-at="2024-06-21T12:18:55 IST" duration-ms="315" status="PASS">
          <reporter-output>
          </reporter-output>
        </test-method> <!-- teardownDriver -->
      </class> <!-- starAirBooks.StarAirBooks -->
    </test> <!-- Default test -->
  </suite> <!-- Default suite -->
</testng-results>
